0 info it worked if it ends with ok
1 verbose cli [ '/usr/bin/nodejs', '/usr/bin/npm', 'install' ]
2 info using npm@3.5.2
3 info using node@v4.2.6
4 silly loadCurrentTree Starting
5 silly install loadCurrentTree
6 silly install readLocalPackageData
7 silly rollbackFailedOptional Starting
8 silly rollbackFailedOptional Finishing
9 silly runTopLevelLifecycles Starting
10 silly runTopLevelLifecycles Finishing
11 silly install printInstalled
12 verbose stack Error: ENOENT: no such file or directory, lstat '/mnt/c/Users/cdavis/Desktop/slackbot/DENKO-Board/node_modules/socket.io'
12 verbose stack     at Error (native)
13 verbose cwd /mnt/c/Users/cdavis/Desktop/slackbot/DENKO-Board
14 error Linux 4.4.0-17134-Microsoft
15 error argv "/usr/bin/nodejs" "/usr/bin/npm" "install"
16 error node v4.2.6
17 error npm  v3.5.2
18 error path /mnt/c/Users/cdavis/Desktop/slackbot/DENKO-Board/node_modules/socket.io
19 error code ENOENT
20 error errno -2
21 error syscall lstat
22 error enoent ENOENT: no such file or directory, lstat '/mnt/c/Users/cdavis/Desktop/slackbot/DENKO-Board/node_modules/socket.io'
23 error enoent ENOENT: no such file or directory, lstat '/mnt/c/Users/cdavis/Desktop/slackbot/DENKO-Board/node_modules/socket.io'
23 error enoent This is most likely not a problem with npm itself
23 error enoent and is related to npm not being able to find a file.
24 verbose exit [ -2, true ]
